0 info it worked if it ends with ok
1 verbose cli [
1 verbose cli   '/data/data/com.termux/files/usr/bin/node',
1 verbose cli   '/data/data/com.termux/files/usr/bin/npm',
1 verbose cli   'install',
1 verbose cli   '--dev'
1 verbose cli ]
2 info using npm@6.14.10
3 info using node@v14.15.4
4 verbose npm-session ff5007e34f86c9c0
5 warn install Usage of the `--dev` option is deprecated. Use `--also=dev` instead.
6 verbose stack Error: EIO: i/o error, write
6 verbose stack     at writeSync (fs.js:711:3)
6 verbose stack     at SyncWriteStream._write (internal/fs/sync_write_stream.js:24:3)
6 verbose stack     at writeOrBuffer (internal/streams/writable.js:358:12)
6 verbose stack     at SyncWriteStream.Writable.write (internal/streams/writable.js:303:10)
6 verbose stack     at EventEmitter.log.write (/data/data/com.termux/files/usr/lib/node_modules/npm/node_modules/npmlog/log.js:271:10)
6 verbose stack     at EventEmitter.<anonymous> (/data/data/com.termux/files/usr/lib/node_modules/npm/node_modules/npmlog/log.js:234:12)
6 verbose stack     at Array.forEach (<anonymous>)
6 verbose stack     at EventEmitter.log.emitLog (/data/data/com.termux/files/usr/lib/node_modules/npm/node_modules/npmlog/log.js:232:28)
6 verbose stack     at EventEmitter.<anonymous> (/data/data/com.termux/files/usr/lib/node_modules/npm/node_modules/npmlog/log.js:214:8)
6 verbose stack     at EventEmitter.<anonymous> (/data/data/com.termux/files/usr/lib/node_modules/npm/node_modules/npmlog/log.js:286:23)
6 verbose stack     at EventEmitter.install (/data/data/com.termux/files/usr/lib/node_modules/npm/lib/install.js:200:9)
6 verbose stack     at Object.commandCache.<computed> (/data/data/com.termux/files/usr/lib/node_modules/npm/lib/npm.js:156:13)
6 verbose stack     at EventEmitter.<anonymous> (/data/data/com.termux/files/usr/lib/node_modules/npm/bin/npm-cli.js:133:30)
6 verbose stack     at processTicksAndRejections (internal/process/task_queues.js:75:11)
7 verbose cwd /data/data/com.termux/files/home/ninem
8 verbose Linux 4.4.177-19485791
9 verbose argv "/data/data/com.termux/files/usr/bin/node" "/data/data/com.termux/files/usr/bin/npm" "install" "--dev"
10 verbose node v14.15.4
11 verbose npm  v6.14.10
12 error code EIO
13 error syscall write
14 error errno -5
15 error EIO: i/o error, write
16 verbose exit [ -5, true ]
