0 info it worked if it ends with ok
1 verbose cli [
1 verbose cli   '/data/data/com.termux/files/usr/bin/node',
1 verbose cli   '/data/data/com.termux/files/usr/bin/npm',
1 verbose cli   'cache',
1 verbose cli   'clean',
1 verbose cli   '-f'
1 verbose cli ]
2 info using npm@6.14.10
3 info using node@v14.15.4
4 warn using --force I sure hope you know what you are doing.
5 verbose stack Error: EIO: i/o error, write
5 verbose stack     at writeSync (fs.js:711:3)
5 verbose stack     at SyncWriteStream._write (internal/fs/sync_write_stream.js:24:3)
5 verbose stack     at writeOrBuffer (internal/streams/writable.js:358:12)
5 verbose stack     at SyncWriteStream.Writable.write (internal/streams/writable.js:303:10)
5 verbose stack     at EventEmitter.log.write (/data/data/com.termux/files/usr/lib/node_modules/npm/node_modules/npmlog/log.js:271:10)
5 verbose stack     at EventEmitter.<anonymous> (/data/data/com.termux/files/usr/lib/node_modules/npm/node_modules/npmlog/log.js:234:12)
5 verbose stack     at Array.forEach (<anonymous>)
5 verbose stack     at EventEmitter.log.emitLog (/data/data/com.termux/files/usr/lib/node_modules/npm/node_modules/npmlog/log.js:232:28)
5 verbose stack     at EventEmitter.<anonymous> (/data/data/com.termux/files/usr/lib/node_modules/npm/node_modules/npmlog/log.js:214:8)
5 verbose stack     at EventEmitter.<anonymous> (/data/data/com.termux/files/usr/lib/node_modules/npm/node_modules/npmlog/log.js:286:23)
6 verbose cwd /data/data/com.termux/files/home/ninem
7 verbose Linux 4.4.177-19485791
8 verbose argv "/data/data/com.termux/files/usr/bin/node" "/data/data/com.termux/files/usr/bin/npm" "cache" "clean" "-f"
9 verbose node v14.15.4
10 verbose npm  v6.14.10
11 error code EIO
12 error syscall write
13 error errno -5
14 error EIO: i/o error, write
15 verbose exit [ -5, true ]
